c:\users\cex123\desktop\tinyos\object\vc120.pdb
c:\users\cex123\desktop\tinyos\object\vc120.idb
c:\users\cex123\desktop\tinyos\object\echo.obj
c:\users\cex123\desktop\tinyos\object\chat.obj
c:\users\cex123\desktop\tinyos\object\shell.obj
c:\users\cex123\desktop\tinyos\object\string.obj
c:\users\cex123\desktop\tinyos\object\stdio.obj
c:\users\cex123\desktop\tinyos\object\printf.obj
c:\users\cex123\desktop\tinyos\object\malloc.obj
c:\users\cex123\desktop\tinyos\object\tea.obj
c:\users\cex123\desktop\tinyos\object\logon.obj
c:\users\cex123\desktop\tinyos\object\kernel.obj
c:\users\cex123\desktop\tinyos\object\init.obj
c:\users\cex123\desktop\tinyos\object\global.obj
c:\users\cex123\desktop\tinyos\object\terminal.obj
c:\users\cex123\desktop\tinyos\object\serial.obj
c:\users\cex123\desktop\tinyos\object\portio.obj
c:\users\cex123\desktop\tinyos\object\keyboard.obj
c:\users\cex123\desktop\tinyos\object\fdd.obj
c:\users\cex123\desktop\tinyos\tinyos\kernel.ilk
c:\users\cex123\desktop\tinyos\tinyos\kernel.exe
c:\users\cex123\desktop\tinyos\tinyos\tinyos_msvc2013.pdb
c:\users\cex123\desktop\tinyos\object\tinyos_msvc2013.tlog\cl.command.1.tlog
c:\users\cex123\desktop\tinyos\object\tinyos_msvc2013.tlog\cl.read.1.tlog
c:\users\cex123\desktop\tinyos\object\tinyos_msvc2013.tlog\cl.write.1.tlog
c:\users\cex123\desktop\tinyos\object\tinyos_msvc2013.tlog\link.command.1.tlog
c:\users\cex123\desktop\tinyos\object\tinyos_msvc2013.tlog\link.read.1.tlog
c:\users\cex123\desktop\tinyos\object\tinyos_msvc2013.tlog\link.write.1.tlog
